<?xml version="1.0" encoding="UTF-8"?>
<testng-results skipped="0" failed="0" ignored="0" total="3" passed="3">
  <reporter-output>
  </reporter-output>
  <suite name="Suite" duration-ms="138953" started-at="2022-03-12T20:15:40 IST" finished-at="2022-03-12T20:17:59 IST">
    <groups>
    </groups>
    <test name="TestC" duration-ms="24929" started-at="2022-03-12T20:15:40 IST" finished-at="2022-03-12T20:16:05 IST">
      <class name="grid.testc">
        <test-method status="PASS" signature="base()[pri:0, instance:grid.testc@49fc609f]" name="base" is-config="true" duration-ms="14404" started-at="2022-03-12T20:15:40 IST" finished-at="2022-03-12T20:15:54 IST">
          <reporter-output>
          </reporter-output>
        </test-method> <!-- base -->
        <test-method status="PASS" signature="testingb()[pri:0, instance:grid.testc@49fc609f]" name="testingb" duration-ms="9472" started-at="2022-03-12T20:15:54 IST" finished-at="2022-03-12T20:16:04 IST">
          <reporter-output>
          </reporter-output>
        </test-method> <!-- testingb -->
        <test-method status="PASS" signature="flush()[pri:0, instance:grid.testc@49fc609f]" name="flush" is-config="true" duration-ms="858" started-at="2022-03-12T20:16:04 IST" finished-at="2022-03-12T20:16:05 IST">
          <reporter-output>
          </reporter-output>
        </test-method> <!-- flush -->
      </class> <!-- grid.testc -->
    </test> <!-- TestC -->
    <test name="TestA" duration-ms="115216" started-at="2022-03-12T20:15:40 IST" finished-at="2022-03-12T20:17:35 IST">
      <class name="grid.testa">
        <test-method status="PASS" signature="base()[pri:0, instance:grid.testa@57536d79]" name="base" is-config="true" duration-ms="29595" started-at="2022-03-12T20:15:40 IST" finished-at="2022-03-12T20:16:09 IST">
          <reporter-output>
          </reporter-output>
        </test-method> <!-- base -->
        <test-method status="PASS" signature="testinga()[pri:0, instance:grid.testa@57536d79]" name="testinga" duration-ms="83284" started-at="2022-03-12T20:16:09 IST" finished-at="2022-03-12T20:17:33 IST">
          <reporter-output>
          </reporter-output>
        </test-method> <!-- testinga -->
        <test-method status="PASS" signature="flush()[pri:0, instance:grid.testa@57536d79]" name="flush" is-config="true" duration-ms="2320" started-at="2022-03-12T20:17:33 IST" finished-at="2022-03-12T20:17:35 IST">
          <reporter-output>
          </reporter-output>
        </test-method> <!-- flush -->
      </class> <!-- grid.testa -->
    </test> <!-- TestA -->
    <test name="TestB" duration-ms="138952" started-at="2022-03-12T20:15:40 IST" finished-at="2022-03-12T20:17:59 IST">
      <class name="grid.testb">
        <test-method status="PASS" signature="base()[pri:0, instance:grid.testb@1dfe2924]" name="base" is-config="true" duration-ms="120207" started-at="2022-03-12T20:15:40 IST" finished-at="2022-03-12T20:17:40 IST">
          <reporter-output>
          </reporter-output>
        </test-method> <!-- base -->
        <test-method status="PASS" signature="testingb()[pri:0, instance:grid.testb@1dfe2924]" name="testingb" duration-ms="17942" started-at="2022-03-12T20:17:40 IST" finished-at="2022-03-12T20:17:58 IST">
          <reporter-output>
          </reporter-output>
        </test-method> <!-- testingb -->
        <test-method status="PASS" signature="flush()[pri:0, instance:grid.testb@1dfe2924]" name="flush" is-config="true" duration-ms="793" started-at="2022-03-12T20:17:58 IST" finished-at="2022-03-12T20:17:59 IST">
          <reporter-output>
          </reporter-output>
        </test-method> <!-- flush -->
      </class> <!-- grid.testb -->
    </test> <!-- TestB -->
  </suite> <!-- Suite -->
</testng-results>
